<?xml version="1.0" encoding="UTF-8"?>
<!-- Generated by org.testng.reporters.JUnitXMLReporter -->
<testsuite ignored="0" hostname="DESKTOP-HLF1SQE" failures="0" tests="4" name="Default test" time="18.968" errors="0" timestamp="2023-01-25T17:05:14 IST">
  <testcase classname="com.DataDrivenJXL.DataDrivenExcel" name="GetData" time="5.688"/>
  <testcase classname="com.DataDrivenJXL.DataDrivenExcel" name="GetData" time="4.39"/>
  <testcase classname="com.DataDrivenJXL.DataDrivenExcel" name="GetData" time="4.428"/>
  <testcase classname="com.DataDrivenJXL.DataDrivenExcel" name="GetData" time="4.369"/>
</testsuite> <!-- Default test -->
