<?xml version="1.0" encoding="UTF-8"?>
<!-- Generated by org.testng.reporters.JUnitXMLReporter -->
<testsuite ignored="0" hostname="DESKTOP-HLF1SQE" failures="1" tests="1" name="DDExcelTest" time="0.031" errors="0" timestamp="2023-01-13T16:20:36 IST">
  <testcase classname="com.DataDrivenExcel.DataDrivenExcel" name="GetData" time="0.0">
    <failure type="org.testng.TestNGException" message="
Method public void com.DataDrivenExcel.DataDrivenExcel.GetData(java.lang.String,java.lang.String) throws java.lang.InterruptedException requires a @DataProvider named : Logindata">
      <![CDATA[org.testng.TestNGException: 
Method public void com.DataDrivenExcel.DataDrivenExcel.GetData(java.lang.String,java.lang.String) throws java.lang.InterruptedException requires a @DataProvider named : Logindata
at java.base/java.util.ArrayList.forEach(ArrayList.java:1511)
... Removed 24 stack frames]]>
    </failure>
  </testcase> <!-- GetData -->
</testsuite> <!-- DDExcelTest -->
