<?xml version="1.0" encoding="UTF-8"?>
<!-- Generated by org.testng.reporters.JUnitXMLReporter -->
<testsuite ignored="0" hostname="DESKTOP-HLF1SQE" failures="0" tests="4" name="DDTestCase" time="19.087" errors="0" timestamp="2023-01-13T12:26:52 IST">
  <testcase classname="com.DataDrivenBasic.UserNameCorrect" name="ValidUsername" time="4.953"/>
  <testcase classname="com.DataDrivenBasic.PasswordCorrect" name="ValidUsername" time="4.366"/>
  <testcase classname="com.DataDrivenBasic.BothIncorrect" name="ValidUsername" time="4.387"/>
  <testcase classname="com.DataDrivenBasic.BothCorrect" name="ValidUsername" time="5.356"/>
</testsuite> <!-- DDTestCase -->
