<?xml version="1.0" encoding="UTF-8"?>
<!-- Generated by org.testng.reporters.JUnitXMLReporter -->
<testsuite ignored="0" hostname="DESKTOP-HLF1SQE" failures="0" tests="4" name="UserNameCorrect" time="19.437" errors="0" timestamp="2023-01-13T14:58:33 IST">
  <testcase classname="com.DataDrivenDataProvider.DataProviderExample" name="LoginWithDataProvider" time="4.847"/>
  <testcase classname="com.DataDrivenDataProvider.DataProviderExample" name="LoginWithDataProvider" time="4.469"/>
  <testcase classname="com.DataDrivenDataProvider.DataProviderExample" name="LoginWithDataProvider" time="4.437"/>
  <testcase classname="com.DataDrivenDataProvider.DataProviderExample" name="LoginWithDataProvider" time="5.656"/>
</testsuite> <!-- UserNameCorrect -->
